<?xml version="1.0" encoding="UTF-8"?>
<testsuite xmlns:xsi="http://www.w3.org/2001/XMLSchema-instance" xsi:noNamespaceSchemaLocation="https://maven.apache.org/surefire/maven-surefire-plugin/xsd/surefire-test-report-3.0.xsd" version="3.0" name="br.com.api.agenda.AgendaApplicationTests" time="17.259" tests="1" errors="0" skipped="0" failures="0">
  <properties>
[...]
</properties>
  <testcase name="contextLoads" classname="br.com.api.agenda.AgendaApplicationTests" time="1.073">
    <system-out><![CDATA[19:36:28.956 [main] INFO org.springframework.test.context.support.AnnotationConfigContextLoaderUtils -- Could not detect default configuration classes for test class [br.com.api.agenda.AgendaApplicationTests]: AgendaApplicationTests does not declare any static, non-private, non-final, nested classes annotated with @Configuration.
19:36:29.162 [main] INFO org.springframework.boot.test.context.SpringBootTestContextBootstrapper -- Found @SpringBootConfiguration br.com.api.agenda.AgendaApplication for test class br.com.api.agenda.AgendaApplicationTests
19:36:29.553 [main] INFO org.springframework.boot.devtools.restart.RestartApplicationListener -- Restart disabled due to context in which it is running

  .   ____          _            __ _ _
 /\\ / ___'_ __ _ _(_)_ __  __ _ \ \ \ \
( ( )\___ | '_ | '_| | '_ \/ _` | \ \ \ \
 \\/  ___)| |_)| | | | | || (_| |  ) ) ) )
  '  |____| .__|_| |_|_| |_\__, | / / / /
 =========|_|==============|___/=/_/_/_/

 :: Spring Boot ::                (v3.3.4)

2024-11-27T19:36:30.168-03:00  INFO 15764 --- [agenda] [           main] b.com.api.agenda.AgendaApplicationTests  : Starting AgendaApplicationTests using Java 23.0.1 with PID 15764 (started by pedro in c:\Users\pedro\AGP\Desenvolvimento\3.Implementacao\Agenda React\agenda)
2024-11-27T19:36:30.170-03:00  INFO 15764 --- [agenda] [           main] b.com.api.agenda.AgendaApplicationTests  : No active profile set, falling back to 1 default profile: "default"
2024-11-27T19:36:32.930-03:00  INFO 15764 --- [agenda] [           main] .s.d.r.c.RepositoryConfigurationDelegate : Bootstrapping Spring Data JPA repositories in DEFAULT mode.
2024-11-27T19:36:33.063-03:00  INFO 15764 --- [agenda] [           main] .s.d.r.c.RepositoryConfigurationDelegate : Finished Spring Data repository scanning in 118 ms. Found 6 JPA repository interfaces.
2024-11-27T19:36:34.844-03:00  INFO 15764 --- [agenda] [           main] o.hibernate.jpa.internal.util.LogHelper  : HHH000204: Processing PersistenceUnitInfo [name: default]
2024-11-27T19:36:35.056-03:00  INFO 15764 --- [agenda] [           main] org.hibernate.Version                    : HHH000412: Hibernate ORM core version 6.5.3.Final
2024-11-27T19:36:35.173-03:00  INFO 15764 --- [agenda] [           main] o.h.c.internal.RegionFactoryInitiator    : HHH000026: Second-level cache disabled
2024-11-27T19:36:36.156-03:00  INFO 15764 --- [agenda] [           main] o.s.o.j.p.SpringPersistenceUnitInfo      : No LoadTimeWeaver setup: ignoring JPA class transformer
2024-11-27T19:36:36.224-03:00  INFO 15764 --- [agenda] [           main] com.zaxxer.hikari.HikariDataSource       : HikariPool-1 - Starting...
2024-11-27T19:36:37.003-03:00  INFO 15764 --- [agenda] [           main] com.zaxxer.hikari.pool.HikariPool        : HikariPool-1 - Added connection com.mysql.cj.jdbc.ConnectionImpl@615c4ea4
2024-11-27T19:36:37.006-03:00  INFO 15764 --- [agenda] [           main] com.zaxxer.hikari.HikariDataSource       : HikariPool-1 - Start completed.
2024-11-27T19:36:39.219-03:00  INFO 15764 --- [agenda] [           main] o.h.e.t.j.p.i.JtaPlatformInitiator       : HHH000489: No JTA platform available (set 'hibernate.transaction.jta.platform' to enable JTA platform integration)
2024-11-27T19:36:39.435-03:00  INFO 15764 --- [agenda] [           main] j.LocalContainerEntityManagerFactoryBean : Initialized JPA EntityManagerFactory for persistence unit 'default'
2024-11-27T19:36:40.656-03:00  INFO 15764 --- [agenda] [           main] o.s.d.j.r.query.QueryEnhancerFactory     : Hibernate is in classpath; If applicable, HQL parser will be used.
2024-11-27T19:36:42.211-03:00  WARN 15764 --- [agenda] [           main] JpaBaseConfiguration$JpaWebConfiguration : spring.jpa.open-in-view is enabled by default. Therefore, database queries may be performed during view rendering. Explicitly configure spring.jpa.open-in-view to disable this warning
2024-11-27T19:36:44.391-03:00  INFO 15764 --- [agenda] [           main] o.s.b.a.e.web.EndpointLinksResolver      : Exposing 1 endpoint beneath base path '/actuator'
2024-11-27T19:36:44.571-03:00  INFO 15764 --- [agenda] [           main] b.com.api.agenda.AgendaApplicationTests  : Started AgendaApplicationTests in 15.053 seconds (process running for 16.976)
]]></system-out>
    <system-err><![CDATA[WARNING: A Java agent has been loaded dynamically (C:\Users\pedro\.m2\repository\net\bytebuddy\byte-buddy-agent\1.14.19\byte-buddy-agent-1.14.19.jar)
WARNING: If a serviceability tool is in use, please run with -XX:+EnableDynamicAgentLoading to hide this warning
WARNING: If a serviceability tool is not in use, please run with -Djdk.instrument.traceUsage for more information
WARNING: Dynamic loading of agents will be disallowed by default in a future release
]]></system-err>
  </testcase>
</testsuite>